
   Program  MARK  - Survival Rate Estimation with Capture-Recapture Data
   gfortran(Win64) Vers. 7.2 Apr 2014   11-May-2014 10:34:19    Page  001
 - - - - - - - - - - - - - - - - - - - - - - - - - - - - - - - - - - - - - -
 
   This version was compiled by GCC version 4.8.1 using the options 
   -m64 -mtune=generic -march=x86-64 -mthreads -O2 -fimplicit-none -fbounds-check -funroll-loops -ftree-vectorize -fopenmp.
   This problem will use 7 of 8 possible threads.


  INPUT --- proc title ;

     CPU Time in seconds for last procedure was 0.00


  INPUT --- proc chmatrix occasions= 7 groups= 1 etype= Live ICMeans 
  INPUT --- NoHist hist= 32 ;

  INPUT ---    time interval 1 1 1 1 1 1 ;

  INPUT ---    glabel(1)=Group 1;

      Number of unique encounter histories read was 32.

      Number of individual covariates read was 0.
      Time interval lengths are all equal to 1.

      Data type number is 1
      Data type is Live Recaptures (CJS)                                                                               

     CPU Time in seconds for last procedure was 0.02

  Program  MARK  - Survival Rate Estimation with Capture-Recapture Data
   gfortran(Win64) Vers. 7.2 Apr 2014   11-May-2014 10:34:19    Page  002
 - - - - - - - - - - - - - - - - - - - - - - - - - - - - - - - - - - - - - -
 


  INPUT --- proc estimate link=Logit NOLOOP varest=2ndPart    ;


  INPUT --- model={ Phi(~1)p(~1) };

  INPUT ---    group=1 Phi    rows=6 cols=6 Triang ;
  INPUT ---        1 1 1 1 1 1 ;
  INPUT ---        1 1 1 1 1 ;
  INPUT ---        1 1 1 1 ;
  INPUT ---        1 1 1 ;
  INPUT ---        1 1 ;
  INPUT ---        1 ;

  INPUT ---    group=1 p    rows=6 cols=6 Triang ;
  INPUT ---        2 2 2 2 2 2 ;
  INPUT ---        2 2 2 2 2 ;
  INPUT ---        2 2 2 2 ;
  INPUT ---        2 2 2 ;
  INPUT ---        2 2 ;
  INPUT ---        2 ;

  INPUT ---    design matrix constraints=2 covariates=2;
  INPUT ---        1 0;
  INPUT ---        0 1;

  INPUT ---    blabel(1)=Phi:(Intercept);

  INPUT ---    blabel(2)=p:(Intercept);

  INPUT ---    rlabel(1)=Phi g1 c1 c1 a0 t1;

  INPUT ---    rlabel(2)=p g1 c1 c1 a1 t2;

 Link Function Used is LOGIT        

 Variance Estimation Procedure Used is 2ndPart 
 -2logL(saturated) = 608.67978     
 Effective Sample Size = 426

 Number of function evaluations was 12 for 2 parameters.
 Time for numerical optimization was 0.01 seconds.

  Program  MARK  - Survival Rate Estimation with Capture-Recapture Data
   gfortran(Win64) Vers. 7.2 Apr 2014   11-May-2014 10:34:19    Page  003
 - - - - - - - - - - - - - - - - - - - - - - - - - - - - - - - - - - - - - -
 
 -2logL { Phi(~1)p(~1) } = 666.83766     
 Penalty { Phi(~1)p(~1) } = -0.0000000    
 Gradient { Phi(~1)p(~1) }:
 -0.9152436E-05-0.3523790E-05
 S Vector { Phi(~1)p(~1) }:
   103.5941      9.394113    
 Time to compute number of parameters was 0.02 seconds.
   Threshold =  0.6000000E-07     Condition index =  0.9068192E-01
 Conditioned S Vector { Phi(~1)p(~1) }:
   1.000000     0.9068192E-01
 Number of Estimated Parameters { Phi(~1)p(~1) } = 2          
 DEVIANCE { Phi(~1)p(~1) } = 58.157883                     
 DEVIANCE Degrees of Freedom { Phi(~1)p(~1) } = 23            
 c-hat { Phi(~1)p(~1) } = 2.5286036                     
 AIC { Phi(~1)p(~1) } = 670.83766                  
 AICc { Phi(~1)p(~1) } = 670.86603                    
 BIC { Phi(~1)p(~1) } = 678.94654                    
 Pearson Chisquare { Phi(~1)p(~1) } = 120.23566                  


                       LOGIT Link Function Parameters of { Phi(~1)p(~1) }
                                                              95% Confidence Interval
 Parameter                    Beta         Standard Error      Lower           Upper
 -------------------------  --------------  --------------  --------------  --------------
    1:Phi:(Intercept)       0.2421484       0.1020127       0.0422034       0.4420933     
    2:p:(Intercept)         2.2262660       0.3251094       1.5890516       2.8634804     


                       Real Function Parameters of { Phi(~1)p(~1) }
                                                               95% Confidence Interval
  Parameter                  Estimate       Standard Error      Lower           Upper
 --------------------------  --------------  --------------  --------------  --------------
     1:Phi g1 c1 c1 a0 t1    0.5602430       0.0251330       0.5105493       0.6087577                           
     2:p g1 c1 c1 a1 t2      0.9025835       0.0285857       0.8304826       0.9460113                           

     CPU Time in seconds for last procedure was 0.02

  Program  MARK  - Survival Rate Estimation with Capture-Recapture Data
   gfortran(Win64) Vers. 7.2 Apr 2014   11-May-2014 10:34:19    Page  004
 - - - - - - - - - - - - - - - - - - - - - - - - - - - - - - - - - - - - - -
 


  INPUT --- proc stop;

     CPU Time in minutes for this job was 0.00

     Time Start = 10:34:19.765   Time End = 10:34:19.788


          E X E C U T I O N   S U C C E S S F U L 
